<?xml version='1.0' encoding='UTF-8'?>
<testsuite hostname="830749abc2f4" name="LogAccessSpec" tests="2" errors="0" failures="0" skipped="0" time="0.011" timestamp="2022-06-11T19:49:03">
          <properties>
[...]
</properties>
          <testcase classname="LogAccessSpec" name="should return the prediction 0" time="0.009">
                      
                    </testcase><testcase classname="LogAccessSpec" name="should return the prediction 1" time="0.002">
                      
                    </testcase>
          <system-out><![CDATA[]]></system-out>
          <system-err><![CDATA[]]></system-err>
        </testsuite>